#
# A fatal error has been detected by the Java Runtime Environment:
#
#  SIGSEGV (0xb) at pc=0x00000001215ef3fd, pid=47739, tid=1811
#
# JRE version: Java(TM) SE Runtime Environment (8.0_31-b13) (build 1.8.0_31-b13)
# Java VM: Java HotSpot(TM) 64-Bit Server VM (25.31-b07 mixed mode bsd-amd64 compressed oops)
# Problematic frame:
# C  [libglass.dylib+0x163fd]  GlassScreenDidChangeScreenParameters+0x9d
#
# Failed to write core dump. Core dumps have been disabled. To enable core dumping, try "ulimit -c unlimited" before starting Java again
#
# If you would like to submit a bug report, please visit:
#   http://bugreport.java.com/bugreport/crash.jsp
#

---------------  T H R E A D  ---------------

Current thread is native thread

siginfo: si_signo: 11 (SIGSEGV), si_code: 1 (SEGV_MAPERR), si_addr: 0x0000000000000000

Registers:
RAX=0x0000000121621e40, RBX=0x0000000000000000, RCX=0xf90027c63a339ad3, RDX=0x00007fe5f1cbf900
RSP=0x00007fff5934f670, RBP=0x00007fff5934f680, RSI=0x00007fe5f1f06270, RDI=0x0000000000000000
R8 =0x00007fff5934f520, R9 =0x00007fff7aa96300, R10=0x0000000000000000, R11=0x0000000000000246
R12=0x00007fe5f1e06330, R13=0x00000000000f426a, R14=0x00007fe5f1cb0050, R15=0x00007fff5934f7c0
RIP=0x00000001215ef3fd, EFLAGS=0x0000000000010206, ERR=0x0000000000000004
  TRAPNO=0x000000000000000e

Top of Stack: (sp=0x00007fff5934f670)
0x00007fff5934f670:   00007fff5934f850 00007fe5f1cb0050
0x00007fff5934f680:   00007fff5934f690 00007fff96ab9cdc
0x00007fff5934f690:   00007fff5934f9f0 00007fff969ab244
0x00007fff5934f6a0:   00007fff5934f6f0 0000000000000000
0x00007fff5934f6b0:   00007fff7c4dfcf0 00007fe5f1f3fe20
0x00007fff5934f6c0:   0000000000001000 0000000000000288
0x00007fff5934f6d0:   00007fe5f1f3fe20 00007fe5f1cb0050
0x00007fff5934f6e0:   0000000000000000 00007fff5934f7c0
0x00007fff5934f6f0:   0000000000000000 00007fe5f1cb0010
0x00007fff5934f700:   00007fff5934f840 000000000000001b
0x00007fff5934f710:   00000000000f428b 00007fe5f433e9f0
0x00007fff5934f720:   00007fe5f1eda370 00007fe5f1e06330
0x00007fff5934f730:   0000000000000001 00000000000f426a
0x00007fff5934f740:   00007fe5f1e06320 00007fff8b66facb
0x00007fff5934f750:   0000000000000001 0000000000000001
0x00007fff5934f760:   0000000000000030 0000000000000001
0x00007fff5934f770:   00007fff5934f790 00007fff8b675231
0x00007fff5934f780:   00007fff7c4dddd0 0000000000000000
0x00007fff5934f790:   00007fff5934f7b0 0000000000000002
0x00007fff5934f7a0:   000038038b66f53e 00007fe5f1e06354
0x00007fff5934f7b0:   0000000000000000 00007fff969a0d1f
0x00007fff5934f7c0:   00007fe5f1cb0050 00007fff7c4dddd0
0x00007fff5934f7d0:   00007fff5934f850 0000000000000001
0x00007fff5934f7e0:   00007fff5934f820 00007fff8b66f53e
0x00007fff5934f7f0:   00000001068caa00 0000000000000002
0x00007fff5934f800:   00000001068c7000 00007fe5f1ed75b2
0x00007fff5934f810:   0000000000000003 00000001068caa00
0x00007fff5934f820:   00007fff5934f910 00007fff8b66e2a2
0x00007fff5934f830:   00007fe5f1ef2a40 00007fff5934f9f8
0x00007fff5934f840:   0000000000000017 0000000000000000
0x00007fff5934f850:   00000000000f426a 00007fff969a1013
0x00007fff5934f860:   00007fff00000000 00007fe5f4322350 

Instructions: (pc=0x00000001215ef3fd)
0x00000001215ef3dd:   89 df 4c 89 f1 41 ff 90 68 04 00 00 48 8d 05 58
0x00000001215ef3ed:   29 03 00 48 8b 30 48 8d 05 46 2a 03 00 48 8b 10
0x00000001215ef3fd:   48 8b 0b 30 c0 48 89 df ff 91 68 04 00 00 48 8b
0x00000001215ef40d:   03 48 89 df ff 50 78 48 85 c0 74 36 49 89 c6 48 

Register to memory mapping:

RAX=0x0000000121621e40: jScreenNotifySettingsChanged+0 in /Library/Java/JavaVirtualMachines/jdk1.8.0_31.jdk/Contents/Home/jre/lib/libglass.dylib at 0x00000001215d9000
RBX=0x0000000000000000 is an unknown value
RCX=0xf90027c63a339ad3 is an unknown value
RDX=0x00007fe5f1cbf900 is an unknown value
RSP=0x00007fff5934f670 is an unknown value
RBP=0x00007fff5934f680 is an unknown value
RSI=0x00007fe5f1f06270 is a global jni handle
RDI=0x0000000000000000 is an unknown value
R8 =0x00007fff5934f520 is an unknown value
R9 =0x00007fff7aa96300: _thread+0 in /usr/lib/system/libsystem_pthread.dylib at 0x00007fff8acb3000
R10=0x0000000000000000 is an unknown value
R11=0x0000000000000246 is an unknown value
R12=0x00007fe5f1e06330 is an unknown value
R13=0x00000000000f426a is an unknown value
R14=0x00007fe5f1cb0050 is an unknown value
R15=0x00007fff5934f7c0 is an unknown value


Stack: [0x00007fff58b53000,0x00007fff59353000],  sp=0x00007fff5934f670,  free space=8177k
Native frames: (J=compiled Java code, j=interpreted, Vv=VM code, C=native code)
C  [libglass.dylib+0x163fd]  GlassScreenDidChangeScreenParameters+0x9d
C  [CoreFoundation+0x11ecdc]  __CFNOTIFICATIONCENTER_IS_CALLING_OUT_TO_AN_OBSERVER__+0xc
C  [CoreFoundation+0x10244]  _CFXNotificationPost+0xc44
C  [Foundation+0x2c31]  -[NSNotificationCenter postNotificationName:object:userInfo:]+0x42
C  [AppKit+0x36305e]  -[NSApplication _reactToScreenInvalidationImmediately:]+0x17b
C  [AppKit+0x362e9d]  __44-[NSApplication _reactToScreenInvalidation:]_block_invoke+0x4b
C  [CoreFoundation+0x8056c]  __CFRUNLOOP_IS_CALLING_OUT_TO_A_BLOCK__+0xc
C  [CoreFoundation+0x72675]  __CFRunLoopDoBlocks+0x155
C  [CoreFoundation+0x721b6]  __CFRunLoopRun+0x716
C  [CoreFoundation+0x71858]  CFRunLoopRunSpecific+0x128
C  [java+0x56cc]  CreateExecutionEnvironment+0x367
C  [java+0x165c]  JLI_Launch+0x7a0
C  [java+0x768a]  main+0x65
C  [java+0xeb4]  start+0x34


---------------  P R O C E S S  ---------------

VM state:at safepoint (normal execution)

VM Mutex/Monitor currently owned by a thread:  ([mutex/lock_event])
[0x00007fe5f1d0fa40] Threads_lock - owner thread: 0x00007fe5f2827800

Heap:
 PSYoungGen      total 38400K, used 22810K [0x0000000795580000, 0x0000000798000000, 0x00000007c0000000)
  eden space 33280K, 68% used [0x0000000795580000,0x0000000796bc6ac0,0x0000000797600000)
  from space 5120K, 0% used [0x0000000797b00000,0x0000000797b00000,0x0000000798000000)
  to   space 5120K, 0% used [0x0000000797600000,0x0000000797600000,0x0000000797b00000)
 ParOldGen       total 87552K, used 0K [0x0000000740000000, 0x0000000745580000, 0x0000000795580000)
  object space 87552K, 0% used [0x0000000740000000,0x0000000740000000,0x0000000745580000)
 Metaspace       used 10982K, capacity 11360K, committed 11520K, reserved 1058816K
  class space    used 1371K, capacity 1462K, committed 1536K, reserved 1048576K

Card table byte_map: [0x00000001177c0000,0x0000000117bc1000] byte_map_base: 0x0000000113dc0000

Marking Bits: (ParMarkBitMap*) 0x0000000107249410
 Begin Bits: [0x0000000118175000, 0x000000011a175000)
 End Bits:   [0x000000011a175000, 0x000000011c175000)

Polling page: 0x0000000107a0f000

CodeCache: size=245760Kb used=3056Kb max_used=3056Kb free=242703Kb
 bounds [0x0000000108400000, 0x0000000108700000, 0x0000000117400000]
 total_blobs=1257 nmethods=784 adapters=388
 compilation: enabled

Compilation events (10 events):
Event: 1.503 Thread 0x00007fe5f3820800 nmethod 782 0x00000001086eeb90 code [0x00000001086eed00, 0x00000001086eee88]
Event: 1.503 Thread 0x00007fe5f3820800  777       3       java.nio.CharBuffer::<init> (22 bytes)
Event: 1.503 Thread 0x00007fe5f3820800 nmethod 777 0x00000001086ee790 code [0x00000001086ee900, 0x00000001086eeac8]
Event: 1.503 Thread 0x00007fe5f3820800  778   !   3       java.nio.CharBuffer::wrap (20 bytes)
Event: 1.504 Thread 0x00007fe5f3820800 nmethod 778 0x00000001086edfd0 code [0x00000001086ee160, 0x00000001086ee518]
Event: 1.504 Thread 0x00007fe5f3820800  779       3       java.nio.HeapCharBuffer::<init> (14 bytes)
Event: 1.504 Thread 0x00007fe5f3820800 nmethod 779 0x00000001086edad0 code [0x00000001086edc40, 0x00000001086ede88]
Event: 1.504 Thread 0x00007fe5f3820800  771       1       org.apache.tools.ant.util.DOMElementWriter$XmlNamespacePolicy::access$000 (5 bytes)
Event: 1.504 Thread 0x00007fe5f3820800 nmethod 771 0x00000001086fa5d0 code [0x00000001086fa720, 0x00000001086fa810]
Event: 1.504 Thread 0x00007fe5f3813000  787 %     4       sun.nio.cs.UTF_8$Encoder::encodeArrayLoop @ 73 (489 bytes)

GC Heap History (0 events):
No events

Deoptimization events (2 events):
Event: 1.097 Thread 0x00007fe5f3002800 Uncommon trap: reason=unloaded action=reinterpret pc=0x0000000108657f58 method=java.lang.CharacterData.of(I)Ljava/lang/CharacterData; @ 96
Event: 1.149 Thread 0x00007fe5f3002800 Uncommon trap: reason=unreached action=reinterpret pc=0x0000000108642d1c method=java.lang.AbstractStringBuilder.append(Ljava/lang/String;)Ljava/lang/AbstractStringBuilder; @ 1

Internal exceptions (10 events):
Event: 1.149 Thread 0x00007fe5f3002800 Exception <a 'java/security/PrivilegedActionException'> (0x0000000796599fc0) thrown at [/Users/java_re/workspace/8-2-build-macosx-x86_64/jdk8u31/2394/hotspot/src/share/vm/prims/jvm.cpp, line 1312]
Event: 1.149 Thread 0x00007fe5f3002800 Implicit null exception at 0x00000001086429b5 to 0x0000000108642d09
Event: 1.155 Thread 0x00007fe5f3002800 Exception <a 'java/security/PrivilegedActionException'> (0x00000007965e2c90) thrown at [/Users/java_re/workspace/8-2-build-macosx-x86_64/jdk8u31/2394/hotspot/src/share/vm/prims/jvm.cpp, line 1312]
Event: 1.176 Thread 0x00007fe5f3002800 Exception <a 'java/lang/ExceptionInInitializerError'> (0x0000000796654078) thrown at [/Users/java_re/workspace/8-2-build-macosx-x86_64/jdk8u31/2394/hotspot/src/share/vm/oops/instanceKlass.cpp, line 925]
Event: 1.176 Thread 0x00007fe5f3002800 Exception <a 'java/lang/reflect/InvocationTargetException'> (0x0000000796654230) thrown at [/Users/java_re/workspace/8-2-build-macosx-x86_64/jdk8u31/2394/hotspot/src/share/vm/runtime/reflection.cpp, line 1080]
Event: 1.188 Thread 0x00007fe5f218c000 Exception <a 'java/lang/NullPointerException'> (0x000000079672fe40) thrown at [/Users/java_re/workspace/8-2-build-macosx-x86_64/jdk8u31/2394/hotspot/src/share/vm/interpreter/linkResolver.cpp, line 1178]
Event: 1.438 Thread 0x00007fe5f39a7800 Exception <a 'java/lang/NoClassDefFoundError': Could not initialize class javafx.stage.Screen> (0x00000007967f4618) thrown at [/Users/java_re/workspace/8-2-build-macosx-x86_64/jdk8u31/2394/hotspot/src/share/vm/oops/instanceKlass.cpp, line 830]
Event: 1.456 Thread 0x00007fe5f3002800 Exception <a 'java/lang/reflect/InvocationTargetException'> (0x00000007966b39e8) thrown at [/Users/java_re/workspace/8-2-build-macosx-x86_64/jdk8u31/2394/hotspot/src/share/vm/runtime/reflection.cpp, line 1080]
Event: 1.467 Thread 0x00007fe5f3002800 Exception <a 'java/security/PrivilegedActionException'> (0x00000007966e97b0) thrown at [/Users/java_re/workspace/8-2-build-macosx-x86_64/jdk8u31/2394/hotspot/src/share/vm/prims/jvm.cpp, line 1312]
Event: 1.468 Thread 0x00007fe5f3002800 Exception <a 'java/security/PrivilegedActionException'> (0x00000007966f8660) thrown at [/Users/java_re/workspace/8-2-build-macosx-x86_64/jdk8u31/2394/hotspot/src/share/vm/prims/jvm.cpp, line 1312]

Events (10 events):
Event: 1.468 loading class org/apache/tools/ant/util/DOMElementWriter$XmlNamespacePolicy
Event: 1.468 loading class org/apache/tools/ant/util/DOMElementWriter$XmlNamespacePolicy done
Event: 1.469 loading class com/sun/org/apache/xerces/internal/dom/NodeListCache
Event: 1.469 loading class com/sun/org/apache/xerces/internal/dom/NodeListCache done
Event: 1.502 loading class java/util/IdentityHashMap$KeyIterator
Event: 1.502 loading class java/util/IdentityHashMap$IdentityHashMapIterator
Event: 1.502 loading class java/util/IdentityHashMap$IdentityHashMapIterator done
Event: 1.502 loading class java/util/IdentityHashMap$KeyIterator done
Event: 1.509 Thread 0x00007fe5f2834800 Thread exited: 0x00007fe5f2834800
Event: 1.509 Executing VM operation: Exit


Dynamic libraries:
0x000000000aa85000 	/System/Library/Frameworks/Cocoa.framework/Versions/A/Cocoa
0x000000000aa85000 	/System/Library/Frameworks/Security.framework/Versions/A/Security
0x000000000aa85000 	/System/Library/Frameworks/ApplicationServices.framework/Versions/A/ApplicationServices
0x000000000aa85000 	/usr/lib/libz.1.dylib
0x000000000aa85000 	/usr/lib/libSystem.B.dylib
0x000000000aa85000 	/usr/lib/libobjc.A.dylib
0x000000000aa85000 	/System/Library/Frameworks/CoreFoundation.framework/Versions/A/CoreFoundation
0x000000000aa85000 	/System/Library/Frameworks/Foundation.framework/Versions/C/Foundation
0x000000000aa85000 	/System/Library/Frameworks/AppKit.framework/Versions/C/AppKit
0x000000000aa85000 	/System/Library/Frameworks/CoreData.framework/Versions/A/CoreData
0x000000000aa85000 	/System/Library/PrivateFrameworks/RemoteViewServices.framework/Versions/A/RemoteViewServices
0x000000000aa85000 	/System/Library/PrivateFrameworks/UIFoundation.framework/Versions/A/UIFoundation
0x000000000aa85000 	/System/Library/Frameworks/IOSurface.framework/Versions/A/IOSurface
0x000000000aa85000 	/System/Library/Frameworks/AudioToolbox.framework/Versions/A/AudioToolbox
0x000000000aa85000 	/System/Library/Frameworks/AudioUnit.framework/Versions/A/AudioUnit
0x000000000aa85000 	/System/Library/PrivateFrameworks/DataDetectorsCore.framework/Versions/A/DataDetectorsCore
0x000000000aa85000 	/System/Library/PrivateFrameworks/DesktopServicesPriv.framework/Versions/A/DesktopServicesPriv
0x000000000aa85000 	/System/Library/Frameworks/Carbon.framework/Versions/A/Frameworks/HIToolbox.framework/Versions/A/HIToolbox
0x000000000aa85000 	/System/Library/Frameworks/QuartzCore.framework/Versions/A/QuartzCore
0x000000000aa85000 	/System/Library/Frameworks/Carbon.framework/Versions/A/Frameworks/SpeechRecognition.framework/Versions/A/SpeechRecognition
0x000000000aa85000 	/usr/lib/libauto.dylib
0x000000000aa85000 	/usr/lib/libicucore.A.dylib
0x000000000aa85000 	/usr/lib/libxml2.2.dylib
0x000000000aa85000 	/System/Library/PrivateFrameworks/CoreUI.framework/Versions/A/CoreUI
0x000000000aa85000 	/System/Library/Frameworks/CoreAudio.framework/Versions/A/CoreAudio
0x000000000aa85000 	/System/Library/Frameworks/DiskArbitration.framework/Versions/A/DiskArbitration
0x000000000aa85000 	/usr/lib/liblangid.dylib
0x000000000aa85000 	/System/Library/PrivateFrameworks/MultitouchSupport.framework/Versions/A/MultitouchSupport
0x000000000aa85000 	/System/Library/Frameworks/IOKit.framework/Versions/A/IOKit
0x000000000aa85000 	/usr/lib/libDiagnosticMessagesClient.dylib
0x000000000aa85000 	/System/Library/Frameworks/CoreServices.framework/Versions/A/CoreServices
0x000000000aa85000 	/System/Library/PrivateFrameworks/PerformanceAnalysis.framework/Versions/A/PerformanceAnalysis
0x000000000aa85000 	/System/Library/PrivateFrameworks/GenerationalStorage.framework/Versions/A/GenerationalStorage
0x000000000aa85000 	/System/Library/Frameworks/OpenGL.framework/Versions/A/OpenGL
0x000000000aa85000 	/System/Library/PrivateFrameworks/Sharing.framework/Versions/A/Sharing
0x000000000aa85000 	/System/Library/Frameworks/CoreGraphics.framework/Versions/A/CoreGraphics
0x000000000aa85000 	/System/Library/Frameworks/CoreText.framework/Versions/A/CoreText
0x000000000aa85000 	/System/Library/Frameworks/ImageIO.framework/Versions/A/ImageIO
0x000000000aa85000 	/usr/lib/libextension.dylib
0x000000000aa85000 	/System/Library/PrivateFrameworks/Backup.framework/Versions/A/Backup
0x000000000aa85000 	/usr/lib/libarchive.2.dylib
0x000000000aa85000 	/System/Library/Frameworks/CFNetwork.framework/Versions/A/CFNetwork
0x000000000aa85000 	/System/Library/Frameworks/SystemConfiguration.framework/Versions/A/SystemConfiguration
0x000000000aa85000 	/usr/lib/libCRFSuite.dylib
0x000000000aa85000 	/usr/lib/libc++.1.dylib
0x000000000aa85000 	/usr/lib/libc++abi.dylib
0x000000000aa85000 	/usr/lib/system/libcache.dylib
0x000000000aa85000 	/usr/lib/system/libcommonCrypto.dylib
0x000000000aa85000 	/usr/lib/system/libcompiler_rt.dylib
0x000000000aa85000 	/usr/lib/system/libcopyfile.dylib
0x000000000aa85000 	/usr/lib/system/libcorecrypto.dylib
0x000000000aa85000 	/usr/lib/system/libdispatch.dylib
0x000000000aa85000 	/usr/lib/system/libdyld.dylib
0x000000000aa85000 	/usr/lib/system/libkeymgr.dylib
0x000000000aa85000 	/usr/lib/system/liblaunch.dylib
0x000000000aa85000 	/usr/lib/system/libmacho.dylib
0x000000000aa85000 	/usr/lib/system/libquarantine.dylib
0x000000000aa85000 	/usr/lib/system/libremovefile.dylib
0x000000000aa85000 	/usr/lib/system/libsystem_asl.dylib
0x000000000aa85000 	/usr/lib/system/libsystem_blocks.dylib
0x000000000aa85000 	/usr/lib/system/libsystem_c.dylib
0x000000000aa85000 	/usr/lib/system/libsystem_configuration.dylib
0x000000000aa85000 	/usr/lib/system/libsystem_coreservices.dylib
0x000000000aa85000 	/usr/lib/system/libsystem_coretls.dylib
0x000000000aa85000 	/usr/lib/system/libsystem_dnssd.dylib
0x000000000aa85000 	/usr/lib/system/libsystem_info.dylib
0x000000000aa85000 	/usr/lib/system/libsystem_kernel.dylib
0x000000000aa85000 	/usr/lib/system/libsystem_m.dylib
0x000000000aa85000 	/usr/lib/system/libsystem_malloc.dylib
0x000000000aa85000 	/usr/lib/system/libsystem_network.dylib
0x000000000aa85000 	/usr/lib/system/libsystem_networkextension.dylib
0x000000000aa85000 	/usr/lib/system/libsystem_notify.dylib
0x000000000aa85000 	/usr/lib/system/libsystem_platform.dylib
0x000000000aa85000 	/usr/lib/system/libsystem_pthread.dylib
0x000000000aa85000 	/usr/lib/system/libsystem_sandbox.dylib
0x000000000aa85000 	/usr/lib/system/libsystem_secinit.dylib
0x000000000aa85000 	/usr/lib/system/libsystem_stats.dylib
0x000000000aa85000 	/usr/lib/system/libsystem_trace.dylib
0x000000000aa85000 	/usr/lib/system/libunc.dylib
0x000000000aa85000 	/usr/lib/system/libunwind.dylib
0x000000000aa85000 	/usr/lib/system/libxpc.dylib
0x000000000aa85000 	/usr/lib/libbz2.1.0.dylib
0x000000000aa85000 	/usr/lib/liblzma.5.dylib
0x000000000aa85000 	/usr/lib/libbsm.0.dylib
0x000000000aa85000 	/usr/lib/libsqlite3.dylib
0x000000000aa85000 	/usr/lib/system/libkxld.dylib
0x000000000aa85000 	/usr/lib/libxar.1.dylib
0x000000000aa85000 	/usr/lib/libpam.2.dylib
0x000000000aa85000 	/usr/lib/libOpenScriptingUtil.dylib
0x000000000aa85000 	/System/Library/Frameworks/CoreServices.framework/Versions/A/Frameworks/FSEvents.framework/Versions/A/FSEvents
0x000000000aa85000 	/System/Library/Frameworks/CoreServices.framework/Versions/A/Frameworks/CarbonCore.framework/Versions/A/CarbonCore
0x000000000aa85000 	/System/Library/Frameworks/CoreServices.framework/Versions/A/Frameworks/Metadata.framework/Versions/A/Metadata
0x000000000aa85000 	/System/Library/Frameworks/CoreServices.framework/Versions/A/Frameworks/OSServices.framework/Versions/A/OSServices
0x000000000aa85000 	/System/Library/Frameworks/CoreServices.framework/Versions/A/Frameworks/SearchKit.framework/Versions/A/SearchKit
0x000000000aa85000 	/System/Library/Frameworks/CoreServices.framework/Versions/A/Frameworks/AE.framework/Versions/A/AE
0x000000000aa85000 	/System/Library/Frameworks/CoreServices.framework/Versions/A/Frameworks/LaunchServices.framework/Versions/A/LaunchServices
0x000000000aa85000 	/System/Library/Frameworks/CoreServices.framework/Versions/A/Frameworks/DictionaryServices.framework/Versions/A/DictionaryServices
0x000000000aa85000 	/System/Library/Frameworks/NetFS.framework/Versions/A/NetFS
0x000000000aa85000 	/System/Library/PrivateFrameworks/NetAuth.framework/Versions/A/NetAuth
0x000000000aa85000 	/System/Library/PrivateFrameworks/login.framework/Versions/A/Frameworks/loginsupport.framework/Versions/A/loginsupport
0x000000000aa85000 	/System/Library/PrivateFrameworks/TCC.framework/Versions/A/TCC
0x000000000aa85000 	/usr/lib/libmecabra.dylib
0x000000000aa85000 	/System/Library/Frameworks/ApplicationServices.framework/Versions/A/Frameworks/ATS.framework/Versions/A/ATS
0x000000000aa85000 	/System/Library/Frameworks/ApplicationServices.framework/Versions/A/Frameworks/ColorSync.framework/Versions/A/ColorSync
0x000000000aa85000 	/System/Library/Frameworks/ApplicationServices.framework/Versions/A/Frameworks/HIServices.framework/Versions/A/HIServices
0x000000000aa85000 	/System/Library/Frameworks/ApplicationServices.framework/Versions/A/Frameworks/LangAnalysis.framework/Versions/A/LangAnalysis
0x000000000aa85000 	/System/Library/Frameworks/ApplicationServices.framework/Versions/A/Frameworks/PrintCore.framework/Versions/A/PrintCore
0x000000000aa85000 	/System/Library/Frameworks/ApplicationServices.framework/Versions/A/Frameworks/QD.framework/Versions/A/QD
0x000000000aa85000 	/System/Library/Frameworks/ApplicationServices.framework/Versions/A/Frameworks/SpeechSynthesis.framework/Versions/A/SpeechSynthesis
0x000000000aa85000 	/System/Library/Frameworks/Accelerate.framework/Versions/A/Accelerate
0x000000000aa85000 	/System/Library/Frameworks/Accelerate.framework/Versions/A/Frameworks/vImage.framework/Versions/A/vImage
0x000000000aa85000 	/System/Library/Frameworks/Accelerate.framework/Versions/A/Frameworks/vecLib.framework/Versions/A/vecLib
0x000000000aa85000 	/System/Library/Frameworks/Accelerate.framework/Versions/A/Frameworks/vecLib.framework/Versions/A/libvDSP.dylib
0x000000000aa85000 	/System/Library/Frameworks/Accelerate.framework/Versions/A/Frameworks/vecLib.framework/Versions/A/libvMisc.dylib
0x000000000aa85000 	/System/Library/Frameworks/Accelerate.framework/Versions/A/Frameworks/vecLib.framework/Versions/A/libLAPACK.dylib
0x000000000aa85000 	/System/Library/Frameworks/Accelerate.framework/Versions/A/Frameworks/vecLib.framework/Versions/A/libBLAS.dylib
0x000000000aa85000 	/System/Library/Frameworks/Accelerate.framework/Versions/A/Frameworks/vecLib.framework/Versions/A/libLinearAlgebra.dylib
0x000000000aa85000 	/System/Library/Frameworks/ApplicationServices.framework/Versions/A/Frameworks/ATS.framework/Versions/A/Resources/libFontParser.dylib
0x000000000aa85000 	/System/Library/Frameworks/ApplicationServices.framework/Versions/A/Frameworks/ATS.framework/Versions/A/Resources/libFontRegistry.dylib
0x000000000aa85000 	/System/Library/PrivateFrameworks/AppleVPA.framework/Versions/A/AppleVPA
0x000000000aa85000 	/System/Library/PrivateFrameworks/AppleJPEG.framework/Versions/A/AppleJPEG
0x000000000aa85000 	/System/Library/Frameworks/ImageIO.framework/Versions/A/Resources/libJPEG.dylib
0x000000000aa85000 	/System/Library/Frameworks/ImageIO.framework/Versions/A/Resources/libTIFF.dylib
0x000000000aa85000 	/System/Library/Frameworks/ImageIO.framework/Versions/A/Resources/libPng.dylib
0x000000000aa85000 	/System/Library/Frameworks/ImageIO.framework/Versions/A/Resources/libGIF.dylib
0x000000000aa85000 	/System/Library/Frameworks/ImageIO.framework/Versions/A/Resources/libJP2.dylib
0x000000000aa85000 	/System/Library/Frameworks/ImageIO.framework/Versions/A/Resources/libRadiance.dylib
0x000000000aa85000 	/System/Library/Frameworks/CoreVideo.framework/Versions/A/CoreVideo
0x000000000aa85000 	/System/Library/Frameworks/OpenGL.framework/Versions/A/Libraries/libGLU.dylib
0x000000000aa85000 	/System/Library/Frameworks/OpenGL.framework/Versions/A/Libraries/libGFXShared.dylib
0x000000000aa85000 	/System/Library/Frameworks/OpenGL.framework/Versions/A/Libraries/libGL.dylib
0x000000000aa85000 	/System/Library/Frameworks/OpenGL.framework/Versions/A/Libraries/libGLImage.dylib
0x000000000aa85000 	/System/Library/Frameworks/OpenGL.framework/Versions/A/Libraries/libCVMSPluginSupport.dylib
0x000000000aa85000 	/System/Library/Frameworks/OpenGL.framework/Versions/A/Libraries/libCoreVMClient.dylib
0x000000000aa85000 	/usr/lib/libcups.2.dylib
0x000000000aa85000 	/System/Library/Frameworks/Kerberos.framework/Versions/A/Kerberos
0x000000000aa85000 	/System/Library/Frameworks/GSS.framework/Versions/A/GSS
0x000000000aa85000 	/usr/lib/libresolv.9.dylib
0x000000000aa85000 	/usr/lib/libiconv.2.dylib
0x000000000aa85000 	/System/Library/PrivateFrameworks/Heimdal.framework/Versions/A/Heimdal
0x000000000aa85000 	/usr/lib/libheimdal-asn1.dylib
0x000000000aa85000 	/System/Library/Frameworks/OpenDirectory.framework/Versions/A/OpenDirectory
0x000000000aa85000 	/System/Library/PrivateFrameworks/CommonAuth.framework/Versions/A/CommonAuth
0x000000000aa85000 	/System/Library/Frameworks/OpenDirectory.framework/Versions/A/Frameworks/CFOpenDirectory.framework/Versions/A/CFOpenDirectory
0x000000000aa85000 	/System/Library/Frameworks/SecurityFoundation.framework/Versions/A/SecurityFoundation
0x000000000aa85000 	/System/Library/PrivateFrameworks/LanguageModeling.framework/Versions/A/LanguageModeling
0x000000000aa85000 	/usr/lib/libcmph.dylib
0x000000000aa85000 	/System/Library/Frameworks/ServiceManagement.framework/Versions/A/ServiceManagement
0x000000000aa85000 	/usr/lib/libxslt.1.dylib
0x000000000aa85000 	/System/Library/Frameworks/Carbon.framework/Versions/A/Frameworks/Ink.framework/Versions/A/Ink
0x000000000aa85000 	/System/Library/Frameworks/QuartzCore.framework/Versions/A/Frameworks/CoreImage.framework/Versions/A/CoreImage
0x000000000aa85000 	/System/Library/PrivateFrameworks/CrashReporterSupport.framework/Versions/A/CrashReporterSupport
0x000000000aa85000 	/System/Library/Frameworks/OpenCL.framework/Versions/A/OpenCL
0x000000000aa85000 	/System/Library/PrivateFrameworks/FaceCore.framework/Versions/A/FaceCore
0x000000000aa85000 	/System/Library/PrivateFrameworks/Ubiquity.framework/Versions/A/Ubiquity
0x000000000aa85000 	/System/Library/PrivateFrameworks/IconServices.framework/Versions/A/IconServices
0x000000000aa85000 	/System/Library/PrivateFrameworks/ChunkingLibrary.framework/Versions/A/ChunkingLibrary
0x000000000aa85000 	/System/Library/PrivateFrameworks/Apple80211.framework/Versions/A/Apple80211
0x000000000aa85000 	/System/Library/Frameworks/CoreWLAN.framework/Versions/A/CoreWLAN
0x000000000aa85000 	/System/Library/Frameworks/IOBluetooth.framework/Versions/A/IOBluetooth
0x000000000aa85000 	/System/Library/PrivateFrameworks/CoreWiFi.framework/Versions/A/CoreWiFi
0x000000000aa85000 	/System/Library/Frameworks/CoreBluetooth.framework/Versions/A/CoreBluetooth
0x000000000aa85000 	/System/Library/PrivateFrameworks/DebugSymbols.framework/Versions/A/DebugSymbols
0x000000000aa85000 	/System/Library/PrivateFrameworks/CoreSymbolication.framework/Versions/A/CoreSymbolication
0x000000000aa85000 	/System/Library/PrivateFrameworks/Symbolication.framework/Versions/A/Symbolication
0x000000000aa85000 	/System/Library/PrivateFrameworks/SpeechRecognitionCore.framework/Versions/A/SpeechRecognitionCore
0x00000001069ab000 	/Library/Java/JavaVirtualMachines/jdk1.8.0_31.jdk/Contents/Home/jre/lib/server/libjvm.dylib
0x000000000aa85000 	/usr/lib/libstdc++.6.dylib
0x00000001079cd000 	/Library/Java/JavaVirtualMachines/jdk1.8.0_31.jdk/Contents/Home/jre/lib/libverify.dylib
0x00000001079db000 	/Library/Java/JavaVirtualMachines/jdk1.8.0_31.jdk/Contents/Home/jre/lib/libjava.dylib
0x0000000107a30000 	/Library/Java/JavaVirtualMachines/jdk1.8.0_31.jdk/Contents/Home/jre/lib/libzip.dylib
0x0000000107be8000 	/System/Library/Frameworks/JavaVM.framework/Frameworks/JavaRuntimeSupport.framework/JavaRuntimeSupport
0x000000011e2c7000 	/System/Library/Frameworks/JavaVM.framework/Versions/A/Frameworks/JavaNativeFoundation.framework/Versions/A/JavaNativeFoundation
0x000000011e2dc000 	/System/Library/Frameworks/JavaVM.framework/Versions/A/JavaVM
0x000000000aa85000 	/System/Library/Frameworks/Carbon.framework/Versions/A/Carbon
0x000000011e2e9000 	/System/Library/PrivateFrameworks/JavaLaunching.framework/Versions/A/JavaLaunching
0x000000000aa85000 	/System/Library/Frameworks/Carbon.framework/Versions/A/Frameworks/CommonPanels.framework/Versions/A/CommonPanels
0x000000000aa85000 	/System/Library/Frameworks/Carbon.framework/Versions/A/Frameworks/Help.framework/Versions/A/Help
0x000000000aa85000 	/System/Library/Frameworks/Carbon.framework/Versions/A/Frameworks/ImageCapture.framework/Versions/A/ImageCapture
0x000000000aa85000 	/System/Library/Frameworks/Carbon.framework/Versions/A/Frameworks/OpenScripting.framework/Versions/A/OpenScripting
0x000000000aa85000 	/System/Library/Frameworks/Carbon.framework/Versions/A/Frameworks/Print.framework/Versions/A/Print
0x000000000aa85000 	/System/Library/Frameworks/Carbon.framework/Versions/A/Frameworks/SecurityHI.framework/Versions/A/SecurityHI
0x000000012028a000 	/Library/Java/JavaVirtualMachines/jdk1.8.0_31.jdk/Contents/Home/jre/lib/libnet.dylib
0x000000012070e000 	/Library/Java/JavaVirtualMachines/jdk1.8.0_31.jdk/Contents/Home/jre/lib/libprism_es2.dylib
0x000000000aa85000 	/System/Library/Frameworks/OpenGL.framework/Versions/A/Resources/GLEngine.bundle/GLEngine
0x000000000aa85000 	/System/Library/Frameworks/OpenGL.framework/Versions/A/Libraries/libGLProgrammability.dylib
0x0000000000000000 	/System/Library/Extensions/AppleIntelHD5000GraphicsGLDriver.bundle/Contents/MacOS/AppleIntelHD5000GraphicsGLDriver
0x000000000aa85000 	/System/Library/PrivateFrameworks/IOAccelerator.framework/Versions/A/IOAccelerator
0x000000000aa85000 	/System/Library/PrivateFrameworks/GPUSupport.framework/Versions/A/Libraries/libGPUSupportMercury.dylib
0x000000000aa85000 	/System/Library/Frameworks/OpenGL.framework/Versions/A/Resources/GLRendererFloat.bundle/GLRendererFloat
0x000000000aa85000 	/System/Library/Frameworks/OpenCL.framework/Versions/A/Libraries/libcldcpuengine.dylib
0x000000000aa85000 	/System/Library/PrivateFrameworks/DiskImages.framework/Versions/A/DiskImages
0x000000000aa85000 	/System/Library/Frameworks/DiscRecording.framework/Versions/A/DiscRecording
0x000000000aa85000 	/usr/lib/libcsfde.dylib
0x000000000aa85000 	/usr/lib/libcurl.4.dylib
0x000000000aa85000 	/System/Library/PrivateFrameworks/MediaKit.framework/Versions/A/MediaKit
0x000000000aa85000 	/System/Library/PrivateFrameworks/ProtectedCloudStorage.framework/Versions/A/ProtectedCloudStorage
0x000000000aa85000 	/usr/lib/libCoreStorage.dylib
0x000000000aa85000 	/System/Library/PrivateFrameworks/EFILogin.framework/Versions/A/EFILogin
0x000000000aa85000 	/usr/lib/libutil.dylib
0x000000000aa85000 	/System/Library/PrivateFrameworks/FindMyDevice.framework/Versions/A/FindMyDevice
0x000000000aa85000 	/System/Library/Frameworks/LDAP.framework/Versions/A/LDAP
0x000000000aa85000 	/usr/lib/libsasl2.2.dylib
0x000000000aa85000 	/System/Library/PrivateFrameworks/CoreDaemon.framework/Versions/B/CoreDaemon
0x000000000aa85000 	/usr/lib/libcrypto.0.9.8.dylib
0x000000000aa85000 	/System/Library/PrivateFrameworks/AppleSRP.framework/Versions/A/AppleSRP
0x000000000aa85000 	/System/Library/PrivateFrameworks/TrustEvaluationAgent.framework/Versions/A/TrustEvaluationAgent
0x0000000120e68000 	/Library/Java/JavaVirtualMachines/jdk1.8.0_31.jdk/Contents/Home/jre/lib/libjavafx_font.dylib
0x000000000aa85000 	/System/Library/PrivateFrameworks/CoreServicesInternal.framework/Versions/A/CoreServicesInternal
0x000000000aa85000 	/System/Library/Frameworks/CoreGraphics.framework/Versions/A/Resources/libCGXType.A.dylib
0x00000001215d9000 	/Library/Java/JavaVirtualMachines/jdk1.8.0_31.jdk/Contents/Home/jre/lib/libglass.dylib
0x000000000aa85000 	/System/Library/PrivateFrameworks/CloudDocs.framework/Versions/A/CloudDocs
0x000000000aa85000 	/System/Library/PrivateFrameworks/CoreDuet.framework/Versions/A/CoreDuet
0x000000000aa85000 	/System/Library/Frameworks/CloudKit.framework/Versions/A/CloudKit
0x000000000aa85000 	/System/Library/PrivateFrameworks/ProtocolBuffer.framework/Versions/A/ProtocolBuffer
0x000000000aa85000 	/System/Library/PrivateFrameworks/CoreDuetDaemonProtocol.framework/Versions/A/CoreDuetDaemonProtocol
0x000000000aa85000 	/System/Library/PrivateFrameworks/CoreDuetDebugLogging.framework/Versions/A/CoreDuetDebugLogging
0x000000000aa85000 	/System/Library/Frameworks/CoreLocation.framework/Versions/A/CoreLocation
0x000000000aa85000 	/System/Library/Frameworks/Accounts.framework/Versions/A/Accounts
0x000000000aa85000 	/System/Library/PrivateFrameworks/ApplePushService.framework/Versions/A/ApplePushService
0x000000000aa85000 	/System/Library/PrivateFrameworks/GeoServices.framework/Versions/A/GeoServices
0x000000000aa85000 	/System/Library/PrivateFrameworks/OAuth.framework/Versions/A/OAuth
0x000000000aa85000 	/System/Library/Frameworks/CoreGraphics.framework/Versions/A/Resources/libCGCMS.A.dylib
0x000000000aa85000 	/System/Library/CoreServices/RawCamera.bundle/Contents/MacOS/RawCamera
0x000000000aa85000 	/System/Library/Frameworks/CoreGraphics.framework/Versions/A/Resources/libRIP.A.dylib
0x000000000aa85000 	/System/Library/PrivateFrameworks/FamilyControls.framework/Versions/A/FamilyControls
0x000000000aa85000 	/System/Library/PrivateFrameworks/CommerceKit.framework/Versions/A/Frameworks/CommerceCore.framework/Versions/A/CommerceCore
0x000000000aa85000 	/System/Library/PrivateFrameworks/SystemAdministration.framework/Versions/A/SystemAdministration
0x000000000aa85000 	/System/Library/PrivateFrameworks/AppContainer.framework/Versions/A/AppContainer
0x000000000aa85000 	/System/Library/PrivateFrameworks/SecCodeWrapper.framework/Versions/A/SecCodeWrapper
0x000000000aa85000 	/System/Library/Frameworks/DirectoryService.framework/Versions/A/DirectoryService
0x000000000aa85000 	/System/Library/PrivateFrameworks/LoginUIKit.framework/Versions/A/Frameworks/LoginUICore.framework/Versions/A/LoginUICore
0x000000000aa85000 	/usr/lib/libodfde.dylib

VM Arguments:
jvm_args: -ea 
java_command: org.apache.tools.ant.taskdefs.optional.junit.JUnitTestRunner crm_faf.LoginScreenTest skipNonTests=false filtertrace=true haltOnError=false haltOnFailure=false showoutput=true outputtoformatters=true logfailedtests=true threadid=0 logtestlistenerevents=true formatter=org.apache.tools.ant.taskdefs.optional.junit.BriefJUnitResultFormatter formatter=org.apache.tools.ant.taskdefs.optional.junit.XMLJUnitResultFormatter,/Users/Austin/NetBeansProjects/cmsproject316/cmsproject/build/test/results/TEST-crm_faf.LoginScreenTest.xml crashfile=/Users/Austin/NetBeansProjects/cmsproject316/cmsproject/build/junitvmwatcher2975649947340857037.properties propsfile=/Users/Austin/NetBeansProjects/cmsproject316/cmsproject/build/junit4661393273452784155.properties
java_class_path (initial): /Library/Java/JavaVirtualMachines/jdk1.8.0_31.jdk/Contents/Home/jre/lib/javaws.jar:/Library/Java/JavaVirtualMachines/jdk1.8.0_31.jdk/Contents/Home/jre/lib/deploy.jar:/Library/Java/JavaVirtualMachines/jdk1.8.0_31.jdk/Contents/Home/jre/lib/plugin.jar:/Users/Austin/Downloads/documents-export-2015-02-11/fxgraphics2d-1.1.jar:/Users/Austin/Downloads/documents-export-2015-02-11/hamcrest-core-1.3.jar:/Users/Austin/Downloads/documents-export-2015-02-11/jcommon-1.0.23.jar:/Users/Austin/Downloads/documents-export-2015-02-11/jfreechart-1.0.19-experimental.jar:/Users/Austin/Downloads/documents-export-2015-02-11/jfreechart-1.0.19-swt.jar:/Users/Austin/Downloads/documents-export-2015-02-11/jfreechart-1.0.19.jar:/Users/Austin/Downloads/documents-export-2015-02-11/jfreechart-nofx-2.0-pre1.jar:/Users/Austin/Downloads/documents-export-2015-02-11/jfreesvg-2.0.jar:/Users/Austin/Downloads/documents-export-2015-02-11/jfxflow-1.0-alpha-b3.jar:/Users/Austin/Downloads/documents-export-2015-02-11/junit-4.11.jar:/Users/Austin/Downloads/documents-export-2015-02-11/orsoncharts-1.4-eval-nofx.jar:/Users/Austin/Downloads/documents-export-2015-02-11/orsoncharts-1.5-pre.jar:/Users/Austin/Downloads/documents-export-2015-02-11/orsonpdf-1.6-eval.jar:/Users/Austin/Downloads/documents-export-2015-02-11/servlet.jar:/Users/Austin/Downloads/documents-export-2015-02-11/swtgraphics2d.jar:/Users/Austin/Downloads/CopyLibStack.jar:/Users/Austin/Downloads/mysql-connector-java-5.0.8-bin.jar:/Users/Austin/NetBeansProjects/cmsproject316/cmsproject/build/classes:/Users/Austin/NetBeansProjects/cmsproject316/cmsproject/build/test/classes:/Applications/NetBeans/NetBeans 8.0.2.app/Contents/Resources/NetBeans/extide/ant/lib/ant-launcher.jar:/Applications/NetBeans/NetBeans 8.0.2.app/Contents/Resources/NetBeans/extide/ant/lib/ant.jar:/Applications/NetBeans/NetBeans 8.0.2.app/Contents/Resources/NetBeans/extide/ant/lib/ant-junit.jar:/Applications/NetBeans/NetBeans 8.0.2.app/Contents/Resources/NetBe
Launcher Type: SUN_STANDARD

Environment Variables:
PATH=/usr/bin:/bin:/usr/sbin:/sbin
LD_LIBRARY_PATH=/Library/Java/JavaVirtualMachines/jdk1.8.0_31.jdk/Contents/Home/jre/lib/amd64:/Library/Java/JavaVirtualMachines/jdk1.8.0_31.jdk/Contents/Home/jre/lib/i386:
SHELL=/bin/bash
DISPLAY=/private/tmp/com.apple.launchd.s4v6xuXy15/org.macosforge.xquartz:0
DYLD_LIBRARY_PATH=/Applications/NetBeans/NetBeans 8.0.2.app/Contents/Resources/NetBeans/webcommon/bin:

Signal Handlers:
SIGSEGV: [libjvm.dylib+0x57a0e7], sa_mask[0]=11111111011111110111111111111111, sa_flags=SA_ONSTACK|SA_RESTART|SA_SIGINFO
SIGBUS: [libjvm.dylib+0x57a0e7], sa_mask[0]=11111111011111110111111111111111, sa_flags=SA_RESTART|SA_SIGINFO
SIGFPE: [libjvm.dylib+0x45af24], sa_mask[0]=11111111011111110111111111111111, sa_flags=SA_RESTART|SA_SIGINFO
SIGPIPE: [libjvm.dylib+0x45af24], sa_mask[0]=11111111011111110111111111111111, sa_flags=SA_RESTART|SA_SIGINFO
SIGXFSZ: [libjvm.dylib+0x45af24], sa_mask[0]=11111111011111110111111111111111, sa_flags=SA_RESTART|SA_SIGINFO
SIGILL: [libjvm.dylib+0x45af24], sa_mask[0]=11111111011111110111111111111111, sa_flags=SA_RESTART|SA_SIGINFO
SIGUSR1: SIG_DFL, sa_mask[0]=00000000000000000000000000000000, sa_flags=none
SIGUSR2: [libjvm.dylib+0x45aa42], sa_mask[0]=00100000000000000000000000000000, sa_flags=SA_RESTART|SA_SIGINFO
SIGHUP: [libjvm.dylib+0x459015], sa_mask[0]=11111111011111110111111111111111, sa_flags=SA_RESTART|SA_SIGINFO
SIGINT: SIG_IGN, sa_mask[0]=00000000000000000000000000000000, sa_flags=none
SIGTERM: [libjvm.dylib+0x459015], sa_mask[0]=11111111011111110111111111111111, sa_flags=SA_RESTART|SA_SIGINFO
SIGQUIT: [libjvm.dylib+0x459015], sa_mask[0]=11111111011111110111111111111111, sa_flags=SA_RESTART|SA_SIGINFO


---------------  S Y S T E M  ---------------

OS:Bsduname:Darwin 14.1.0 Darwin Kernel Version 14.1.0: Thu Feb 26 19:26:47 PST 2015; root:xnu-2782.10.73~1/RELEASE_X86_64 x86_64
rlimit: STACK 8192k, CORE 0k, NPROC 709, NOFILE 10240, AS infinity
load average:2.39 2.10 2.04

CPU:total 4 (2 cores per cpu, 2 threads per core) family 6 model 69 stepping 1, cmov, cx8, fxsr, mmx, sse, sse2, sse3, ssse3, sse4.1, sse4.2, popcnt, avx, avx2, aes, clmul, erms, lzcnt, ht, tsc, tscinvbit, bmi1, bmi2

Memory: 4k page, physical 8388608k(1375876k free)

/proc/meminfo:


vm_info: Java HotSpot(TM) 64-Bit Server VM (25.31-b07) for bsd-amd64 JRE (1.8.0_31-b13), built on Dec 17 2014 20:45:36 by "java_re" with gcc 4.2.1 (Based on Apple Inc. build 5658) (LLVM build 2336.11.00)

time: Tue Mar 31 23:19:01 2015
elapsed time: 1 seconds (0d 0h 0m 1s)

